[14:14:02] [main/INFO] [GradleStart]: No arguments specified, assuming client.
[14:14:03] [main/INFO] [GradleStart]: Extra: []
[14:14:03] [main/INFO] [GradleStart]: Running with arguments: [--userProperties, {}, --assetsDir, C:/Users/A Username/.gradle/caches/minecraft/assets, --assetIndex, 1.7.10, --accessToken, FML, --version, 1.7.10, --tweakClass, cpw.mods.fml.common.launcher.FMLTweaker, --username, ForgeDevName]
[14:14:03] [main/INFO] [LaunchWrapper]: Loading tweak class name cpw.mods.fml.common.launcher.FMLTweaker
[14:14:03] [main/INFO] [LaunchWrapper]: Using primary tweak class name cpw.mods.fml.common.launcher.FMLTweaker
[14:14:03] [main/INFO] [LaunchWrapper]: Calling tweak class cpw.mods.fml.common.launcher.FMLTweaker
[14:15:55] [main/INFO] [GradleStart]: No arguments specified, assuming client.
[14:15:56] [main/INFO] [GradleStart]: Extra: []
[14:15:56] [main/INFO] [GradleStart]: Running with arguments: [--userProperties, {}, --assetsDir, C:/Users/A Username/.gradle/caches/minecraft/assets, --assetIndex, 1.7.10, --accessToken, FML, --version, 1.7.10, --tweakClass, cpw.mods.fml.common.launcher.FMLTweaker, --username, ForgeDevName]
[14:15:56] [main/INFO] [LaunchWrapper]: Loading tweak class name cpw.mods.fml.common.launcher.FMLTweaker
[14:15:56] [main/INFO] [LaunchWrapper]: Using primary tweak class name cpw.mods.fml.common.launcher.FMLTweaker
[14:15:56] [main/INFO] [LaunchWrapper]: Calling tweak class cpw.mods.fml.common.launcher.FMLTweaker
[14:17:26] [main/INFO] [GradleStart]: No arguments specified, assuming client.
[14:17:26] [main/INFO] [GradleStart]: Extra: []
[14:17:26] [main/INFO] [GradleStart]: Running with arguments: [--userProperties, {}, --assetsDir, C:/Users/A Username/.gradle/caches/minecraft/assets, --assetIndex, 1.7.10, --accessToken, FML, --version, 1.7.10, --tweakClass, cpw.mods.fml.common.launcher.FMLTweaker, --username, ForgeDevName]
[14:17:26] [main/INFO] [LaunchWrapper]: Loading tweak class name cpw.mods.fml.common.launcher.FMLTweaker
[14:17:26] [main/INFO] [LaunchWrapper]: Using primary tweak class name cpw.mods.fml.common.launcher.FMLTweaker
[14:17:26] [main/INFO] [LaunchWrapper]: Calling tweak class cpw.mods.fml.common.launcher.FMLTweaker
[14:54:00] [main/INFO] [GradleStart]: No arguments specified, assuming client.
[14:54:00] [main/INFO] [GradleStart]: Extra: []
[14:54:00] [main/INFO] [GradleStart]: Running with arguments: [--userProperties, {}, --assetsDir, C:/Users/A Username/.gradle/caches/minecraft/assets, --assetIndex, 1.7.10, --accessToken, FML, --version, 1.7.10, --tweakClass, cpw.mods.fml.common.launcher.FMLTweaker, --username, ForgeDevName]
[14:54:00] [main/INFO] [LaunchWrapper]: Loading tweak class name cpw.mods.fml.common.launcher.FMLTweaker
[14:54:00] [main/INFO] [LaunchWrapper]: Using primary tweak class name cpw.mods.fml.common.launcher.FMLTweaker
[14:54:00] [main/INFO] [LaunchWrapper]: Calling tweak class cpw.mods.fml.common.launcher.FMLTweaker
[20:20:23] [main/INFO] [GradleStart]: No arguments specified, assuming client.
[20:20:23] [main/INFO] [GradleStart]: Extra: []
[20:20:23] [main/INFO] [GradleStart]: Running with arguments: [--userProperties, {}, --assetsDir, C:/Users/A Username/.gradle/caches/minecraft/assets, --assetIndex, 1.7.10, --accessToken, FML, --version, 1.7.10, --tweakClass, cpw.mods.fml.common.launcher.FMLTweaker, --username, ForgeDevName]
[20:20:23] [main/INFO] [LaunchWrapper]: Loading tweak class name cpw.mods.fml.common.launcher.FMLTweaker
[20:20:23] [main/INFO] [LaunchWrapper]: Using primary tweak class name cpw.mods.fml.common.launcher.FMLTweaker
[20:20:23] [main/INFO] [LaunchWrapper]: Calling tweak class cpw.mods.fml.common.launcher.FMLTweaker
[18:58:02] [main/INFO] [GradleStart]: No arguments specified, assuming client.
[18:58:02] [main/INFO] [GradleStart]: Extra: []
[18:58:02] [main/INFO] [GradleStart]: Running with arguments: [--userProperties, {}, --assetsDir, C:/Users/A Username/.gradle/caches/minecraft/assets, --assetIndex, 1.7.10, --accessToken, FML, --version, 1.7.10, --tweakClass, cpw.mods.fml.common.launcher.FMLTweaker, --username, ForgeDevName]
[18:58:02] [main/INFO] [LaunchWrapper]: Loading tweak class name cpw.mods.fml.common.launcher.FMLTweaker
[18:58:02] [main/INFO] [LaunchWrapper]: Using primary tweak class name cpw.mods.fml.common.launcher.FMLTweaker
[18:58:02] [main/INFO] [LaunchWrapper]: Calling tweak class cpw.mods.fml.common.launcher.FMLTweaker
[19:00:10] [main/INFO] [GradleStart]: No arguments specified, assuming client.
[19:00:10] [main/INFO] [GradleStart]: Extra: []
[19:00:10] [main/INFO] [GradleStart]: Running with arguments: [--userProperties, {}, --assetsDir, C:/Users/A Username/.gradle/caches/minecraft/assets, --assetIndex, 1.7.10, --accessToken, FML, --version, 1.7.10, --tweakClass, cpw.mods.fml.common.launcher.FMLTweaker, --username, ForgeDevName]
[19:00:10] [main/INFO] [LaunchWrapper]: Loading tweak class name cpw.mods.fml.common.launcher.FMLTweaker
[19:00:10] [main/INFO] [LaunchWrapper]: Using primary tweak class name cpw.mods.fml.common.launcher.FMLTweaker
[19:00:10] [main/INFO] [LaunchWrapper]: Calling tweak class cpw.mods.fml.common.launcher.FMLTweaker
[19:02:55] [main/INFO] [GradleStart]: No arguments specified, assuming client.
[19:02:55] [main/INFO] [GradleStart]: Extra: []
[19:02:55] [main/INFO] [GradleStart]: Running with arguments: [--userProperties, {}, --assetsDir, C:/Users/A Username/.gradle/caches/minecraft/assets, --assetIndex, 1.7.10, --accessToken, FML, --version, 1.7.10, --tweakClass, cpw.mods.fml.common.launcher.FMLTweaker, --username, ForgeDevName]
[19:02:55] [main/INFO] [LaunchWrapper]: Loading tweak class name cpw.mods.fml.common.launcher.FMLTweaker
[19:02:55] [main/INFO] [LaunchWrapper]: Using primary tweak class name cpw.mods.fml.common.launcher.FMLTweaker
[19:02:55] [main/INFO] [LaunchWrapper]: Calling tweak class cpw.mods.fml.common.launcher.FMLTweaker
[19:04:15] [main/INFO] [GradleStart]: No arguments specified, assuming client.
[19:04:15] [main/INFO] [GradleStart]: Extra: []
[19:04:15] [main/INFO] [GradleStart]: Running with arguments: [--userProperties, {}, --assetsDir, C:/Users/A Username/.gradle/caches/minecraft/assets, --assetIndex, 1.7.10, --accessToken, FML, --version, 1.7.10, --tweakClass, cpw.mods.fml.common.launcher.FMLTweaker, --username, ForgeDevName]
[19:04:15] [main/INFO] [LaunchWrapper]: Loading tweak class name cpw.mods.fml.common.launcher.FMLTweaker
[19:04:15] [main/INFO] [LaunchWrapper]: Using primary tweak class name cpw.mods.fml.common.launcher.FMLTweaker
[19:04:15] [main/INFO] [LaunchWrapper]: Calling tweak class cpw.mods.fml.common.launcher.FMLTweaker
[11:09:56] [main/INFO] [GradleStart]: No arguments specified, assuming client.
[11:09:56] [main/INFO] [GradleStart]: Extra: []
[11:09:56] [main/INFO] [GradleStart]: Running with arguments: [--userProperties, {}, --assetsDir, C:/Users/A Username/.gradle/caches/minecraft/assets, --assetIndex, 1.7.10, --accessToken, FML, --version, 1.7.10, --tweakClass, cpw.mods.fml.common.launcher.FMLTweaker, --username, ForgeDevName]
[11:09:56] [main/INFO] [LaunchWrapper]: Loading tweak class name cpw.mods.fml.common.launcher.FMLTweaker
[11:09:56] [main/INFO] [LaunchWrapper]: Using primary tweak class name cpw.mods.fml.common.launcher.FMLTweaker
[11:09:56] [main/INFO] [LaunchWrapper]: Calling tweak class cpw.mods.fml.common.launcher.FMLTweaker
[14:51:57] [main/INFO] [GradleStart]: No arguments specified, assuming client.
[14:51:57] [main/INFO] [GradleStart]: Extra: []
[14:51:57] [main/INFO] [GradleStart]: Running with arguments: [--userProperties, {}, --assetsDir, C:/Users/A Username/.gradle/caches/minecraft/assets, --assetIndex, 1.7.10, --accessToken, FML, --version, 1.7.10, --tweakClass, cpw.mods.fml.common.launcher.FMLTweaker, --username, ForgeDevName]
[14:51:58] [main/INFO] [LaunchWrapper]: Loading tweak class name cpw.mods.fml.common.launcher.FMLTweaker
[14:51:58] [main/INFO] [LaunchWrapper]: Using primary tweak class name cpw.mods.fml.common.launcher.FMLTweaker
[14:51:58] [main/INFO] [LaunchWrapper]: Calling tweak class cpw.mods.fml.common.launcher.FMLTweaker
[15:03:27] [main/INFO] [GradleStart]: No arguments specified, assuming client.
[15:03:27] [main/INFO] [GradleStart]: Extra: []
[15:03:27] [main/INFO] [GradleStart]: Running with arguments: [--userProperties, {}, --assetsDir, C:/Users/A Username/.gradle/caches/minecraft/assets, --assetIndex, 1.7.10, --accessToken, FML, --version, 1.7.10, --tweakClass, cpw.mods.fml.common.launcher.FMLTweaker, --username, ForgeDevName]
[15:03:27] [main/INFO] [LaunchWrapper]: Loading tweak class name cpw.mods.fml.common.launcher.FMLTweaker
[15:03:27] [main/INFO] [LaunchWrapper]: Using primary tweak class name cpw.mods.fml.common.launcher.FMLTweaker
[15:03:27] [main/INFO] [LaunchWrapper]: Calling tweak class cpw.mods.fml.common.launcher.FMLTweaker
[15:05:14] [main/INFO] [GradleStart]: No arguments specified, assuming client.
[15:05:14] [main/INFO] [GradleStart]: Extra: []
[15:05:14] [main/INFO] [GradleStart]: Running with arguments: [--userProperties, {}, --assetsDir, C:/Users/A Username/.gradle/caches/minecraft/assets, --assetIndex, 1.7.10, --accessToken, FML, --version, 1.7.10, --tweakClass, cpw.mods.fml.common.launcher.FMLTweaker, --username, ForgeDevName]
[15:05:14] [main/INFO] [LaunchWrapper]: Loading tweak class name cpw.mods.fml.common.launcher.FMLTweaker
[15:05:14] [main/INFO] [LaunchWrapper]: Using primary tweak class name cpw.mods.fml.common.launcher.FMLTweaker
[15:05:14] [main/INFO] [LaunchWrapper]: Calling tweak class cpw.mods.fml.common.launcher.FMLTweaker
[23:21:56] [main/INFO] [GradleStart]: No arguments specified, assuming client.
[23:21:56] [main/INFO] [GradleStart]: Extra: []
[23:21:56] [main/INFO] [GradleStart]: Running with arguments: [--userProperties, {}, --assetsDir, C:/Users/A Username/.gradle/caches/minecraft/assets, --assetIndex, 1.7.10, --accessToken, {REDACTED}, --version, 1.7.10, --tweakClass, cpw.mods.fml.common.launcher.FMLTweaker, --username, ForgeDevName]
[23:21:56] [main/INFO] [LaunchWrapper]: Loading tweak class name cpw.mods.fml.common.launcher.FMLTweaker
[23:21:56] [main/INFO] [LaunchWrapper]: Using primary tweak class name cpw.mods.fml.common.launcher.FMLTweaker
[23:21:56] [main/INFO] [LaunchWrapper]: Calling tweak class cpw.mods.fml.common.launcher.FMLTweaker
[11:28:49] [main/INFO] [GradleStart]: No arguments specified, assuming client.
[11:28:49] [main/INFO] [GradleStart]: Extra: []
[11:28:49] [main/INFO] [GradleStart]: Running with arguments: [--userProperties, {}, --assetsDir, C:/Users/A Username/.gradle/caches/minecraft/assets, --assetIndex, 1.7.10, --accessToken, {REDACTED}, --version, 1.7.10, --tweakClass, cpw.mods.fml.common.launcher.FMLTweaker, --username, ForgeDevName]
[11:28:49] [main/INFO] [LaunchWrapper]: Loading tweak class name cpw.mods.fml.common.launcher.FMLTweaker
[11:28:50] [main/INFO] [LaunchWrapper]: Using primary tweak class name cpw.mods.fml.common.launcher.FMLTweaker
[11:28:50] [main/INFO] [LaunchWrapper]: Calling tweak class cpw.mods.fml.common.launcher.FMLTweaker
[15:07:18] [main/INFO] [GradleStart]: No arguments specified, assuming client.
[15:07:18] [main/INFO] [GradleStart]: Extra: []
[15:07:18] [main/INFO] [GradleStart]: Running with arguments: [--userProperties, {}, --assetsDir, C:/Users/A Username/.gradle/caches/minecraft/assets, --assetIndex, 1.7.10, --accessToken, {REDACTED}, --version, 1.7.10, --tweakClass, cpw.mods.fml.common.launcher.FMLTweaker, --username, ForgeDevName]
[15:07:18] [main/INFO] [LaunchWrapper]: Loading tweak class name cpw.mods.fml.common.launcher.FMLTweaker
[15:07:18] [main/INFO] [LaunchWrapper]: Using primary tweak class name cpw.mods.fml.common.launcher.FMLTweaker
[15:07:18] [main/INFO] [LaunchWrapper]: Calling tweak class cpw.mods.fml.common.launcher.FMLTweaker
[15:11:50] [main/INFO] [GradleStart]: No arguments specified, assuming client.
[15:11:50] [main/INFO] [GradleStart]: Extra: []
[15:11:50] [main/INFO] [GradleStart]: Running with arguments: [--userProperties, {}, --assetsDir, C:/Users/A Username/.gradle/caches/minecraft/assets, --assetIndex, 1.7.10, --accessToken, {REDACTED}, --version, 1.7.10, --tweakClass, cpw.mods.fml.common.launcher.FMLTweaker, --username, ForgeDevName]
[15:11:50] [main/INFO] [LaunchWrapper]: Loading tweak class name cpw.mods.fml.common.launcher.FMLTweaker
[15:11:50] [main/INFO] [LaunchWrapper]: Using primary tweak class name cpw.mods.fml.common.launcher.FMLTweaker
[15:11:50] [main/INFO] [LaunchWrapper]: Calling tweak class cpw.mods.fml.common.launcher.FMLTweaker
[10:34:39] [main/INFO] [GradleStart]: No arguments specified, assuming client.
[10:34:40] [main/INFO] [GradleStart]: Extra: []
[10:38:18] [main/INFO] [GradleStart]: No arguments specified, assuming client.
[10:38:18] [main/INFO] [GradleStart]: Extra: []
[10:38:18] [main/INFO] [GradleStart]: Running with arguments: [--userProperties, {}, --assetsDir, C:/Users/A Username/.gradle/caches/minecraft/assets, --assetIndex, {ASSET_INDEX}, --accessToken, {REDACTED}, --version, 1.7.10, --tweakClass, cpw.mods.fml.common.launcher.FMLTweaker, --username, ForgeDevName]
[10:38:18] [main/INFO] [LaunchWrapper]: Loading tweak class name cpw.mods.fml.common.launcher.FMLTweaker
[10:38:18] [main/INFO] [LaunchWrapper]: Using primary tweak class name cpw.mods.fml.common.launcher.FMLTweaker
[10:38:18] [main/INFO] [LaunchWrapper]: Calling tweak class cpw.mods.fml.common.launcher.FMLTweaker
[10:53:40] [main/INFO] [GradleStart]: No arguments specified, assuming client.
[10:53:40] [main/INFO] [GradleStart]: Extra: []
[10:53:40] [main/INFO] [GradleStart]: Running with arguments: [--userProperties, {}, --username, ForgeDevName, --tweakClass, cpw.mods.fml.common.launcher.FMLTweaker, --accessToken, {REDACTED}, --assetIndex, {ASSET_INDEX}, --assetsDir, C:/Users/A Username/.gradle/caches/minecraft/assets, --version, 1.7.10]
[10:53:40] [main/INFO] [LaunchWrapper]: Loading tweak class name cpw.mods.fml.common.launcher.FMLTweaker
[10:53:40] [main/INFO] [LaunchWrapper]: Using primary tweak class name cpw.mods.fml.common.launcher.FMLTweaker
[10:53:40] [main/INFO] [LaunchWrapper]: Calling tweak class cpw.mods.fml.common.launcher.FMLTweaker
[10:55:31] [main/INFO] [GradleStart]: No arguments specified, assuming client.
[10:55:31] [main/INFO] [GradleStart]: Extra: []
[10:55:31] [main/INFO] [GradleStart]: Running with arguments: [--userProperties, {}, --username, ForgeDevName, --tweakClass, cpw.mods.fml.common.launcher.FMLTweaker, --accessToken, {REDACTED}, --assetIndex, {ASSET_INDEX}, --assetsDir, C:/Users/A Username/.gradle/caches/minecraft/assets, --version, 1.7.10]
[10:55:32] [main/INFO] [LaunchWrapper]: Loading tweak class name cpw.mods.fml.common.launcher.FMLTweaker
[10:55:32] [main/INFO] [LaunchWrapper]: Using primary tweak class name cpw.mods.fml.common.launcher.FMLTweaker
[10:55:32] [main/INFO] [LaunchWrapper]: Calling tweak class cpw.mods.fml.common.launcher.FMLTweaker
[13:24:09] [main/INFO] [GradleStart]: No arguments specified, assuming client.
[13:24:09] [main/INFO] [GradleStart]: Extra: []
[13:24:10] [main/INFO] [GradleStart]: Running with arguments: [--userProperties, {}, --username, ForgeDevName, --tweakClass, cpw.mods.fml.common.launcher.FMLTweaker, --accessToken, {REDACTED}, --assetIndex, {ASSET_INDEX}, --assetsDir, C:/Users/A Username/.gradle/caches/minecraft/assets, --version, 1.7.10]
[13:24:10] [main/INFO] [LaunchWrapper]: Loading tweak class name cpw.mods.fml.common.launcher.FMLTweaker
[13:24:10] [main/INFO] [LaunchWrapper]: Using primary tweak class name cpw.mods.fml.common.launcher.FMLTweaker
[13:24:10] [main/INFO] [LaunchWrapper]: Calling tweak class cpw.mods.fml.common.launcher.FMLTweaker
[13:33:01] [main/INFO] [GradleStart]: No arguments specified, assuming client.
[13:33:01] [main/INFO] [GradleStart]: Extra: []
[13:33:01] [main/INFO] [GradleStart]: Running with arguments: [--userProperties, {}, --username, ForgeDevName, --tweakClass, cpw.mods.fml.common.launcher.FMLTweaker, --accessToken, {REDACTED}, --assetIndex, {ASSET_INDEX}, --assetsDir, C:/Users/A Username/.gradle/caches/minecraft/assets, --version, 1.7.10]
[13:33:02] [main/INFO] [LaunchWrapper]: Loading tweak class name cpw.mods.fml.common.launcher.FMLTweaker
[13:33:02] [main/INFO] [LaunchWrapper]: Using primary tweak class name cpw.mods.fml.common.launcher.FMLTweaker
[13:33:02] [main/INFO] [LaunchWrapper]: Calling tweak class cpw.mods.fml.common.launcher.FMLTweaker
[13:37:17] [main/INFO] [GradleStart]: No arguments specified, assuming client.
[13:37:17] [main/INFO] [GradleStart]: Extra: []
[13:37:17] [main/INFO] [GradleStart]: Running with arguments: [--userProperties, {}, --username, ForgeDevName, --tweakClass, cpw.mods.fml.common.launcher.FMLTweaker, --accessToken, {REDACTED}, --assetIndex, {ASSET_INDEX}, --assetsDir, C:/Users/A Username/.gradle/caches/minecraft/assets, --version, 1.7.10]
[13:37:17] [main/INFO] [LaunchWrapper]: Loading tweak class name cpw.mods.fml.common.launcher.FMLTweaker
[13:37:17] [main/INFO] [LaunchWrapper]: Using primary tweak class name cpw.mods.fml.common.launcher.FMLTweaker
[13:37:17] [main/INFO] [LaunchWrapper]: Calling tweak class cpw.mods.fml.common.launcher.FMLTweaker
[17:14:30] [main/INFO] [GradleStart]: No arguments specified, assuming client.
[17:14:31] [main/INFO] [GradleStart]: Extra: []
[17:14:31] [main/INFO] [GradleStart]: Running with arguments: [--userProperties, {}, --assetsDir, C:/Users/A Username/.gradle/caches/minecraft/assets, --assetIndex, 1.7.10, --accessToken, {REDACTED}, --version, 1.7.10, --tweakClass, cpw.mods.fml.common.launcher.FMLTweaker, --username, ForgeDevName]
[17:14:31] [main/INFO] [LaunchWrapper]: Loading tweak class name cpw.mods.fml.common.launcher.FMLTweaker
[17:14:31] [main/INFO] [LaunchWrapper]: Using primary tweak class name cpw.mods.fml.common.launcher.FMLTweaker
[17:14:31] [main/INFO] [LaunchWrapper]: Calling tweak class cpw.mods.fml.common.launcher.FMLTweaker
[17:17:19] [main/INFO] [GradleStart]: No arguments specified, assuming client.
[17:17:19] [main/INFO] [GradleStart]: Extra: []
[17:17:20] [main/INFO] [GradleStart]: Running with arguments: [--userProperties, {}, --assetsDir, C:/Users/A Username/.gradle/caches/minecraft/assets, --assetIndex, 1.7.10, --accessToken, {REDACTED}, --version, 1.7.10, --tweakClass, cpw.mods.fml.common.launcher.FMLTweaker, --username, ForgeDevName]
[17:17:20] [main/INFO] [LaunchWrapper]: Loading tweak class name cpw.mods.fml.common.launcher.FMLTweaker
[17:17:20] [main/INFO] [LaunchWrapper]: Using primary tweak class name cpw.mods.fml.common.launcher.FMLTweaker
[17:17:20] [main/INFO] [LaunchWrapper]: Calling tweak class cpw.mods.fml.common.launcher.FMLTweaker
[17:18:20] [main/INFO] [GradleStart]: No arguments specified, assuming client.
[17:18:20] [main/INFO] [GradleStart]: Extra: []
[17:18:20] [main/INFO] [GradleStart]: Running with arguments: [--userProperties, {}, --username, ForgeDevName, --tweakClass, cpw.mods.fml.common.launcher.FMLTweaker, --accessToken, {REDACTED}, --assetIndex, 1.7.10, --assetsDir, C:/Users/A Username/.gradle/caches/minecraft/assets, --version, 1.7.10]
[17:18:20] [main/INFO] [LaunchWrapper]: Loading tweak class name cpw.mods.fml.common.launcher.FMLTweaker
[17:18:21] [main/INFO] [LaunchWrapper]: Using primary tweak class name cpw.mods.fml.common.launcher.FMLTweaker
[17:18:21] [main/INFO] [LaunchWrapper]: Calling tweak class cpw.mods.fml.common.launcher.FMLTweaker
[17:22:20] [main/INFO] [GradleStart]: No arguments specified, assuming client.
[17:22:20] [main/INFO] [GradleStart]: Extra: []
[17:22:20] [main/INFO] [GradleStart]: Running with arguments: [--userProperties, {}, --username, ForgeDevName, --tweakClass, cpw.mods.fml.common.launcher.FMLTweaker, --accessToken, {REDACTED}, --assetIndex, 1.7.10, --assetsDir, C:/Users/A Username/.gradle/caches/minecraft/assets, --version, 1.7.10]
[17:22:20] [main/INFO] [LaunchWrapper]: Loading tweak class name cpw.mods.fml.common.launcher.FMLTweaker
[17:22:20] [main/INFO] [LaunchWrapper]: Using primary tweak class name cpw.mods.fml.common.launcher.FMLTweaker
[17:22:20] [main/INFO] [LaunchWrapper]: Calling tweak class cpw.mods.fml.common.launcher.FMLTweaker
[17:23:15] [main/INFO] [GradleStart]: username: knapper8@aol.com
[17:23:15] [main/INFO] [GradleStart]: Extra: []
[17:23:15] [main/INFO] [GradleStart]: Password found, attempting login
[17:23:19] [main/INFO] [GradleStart]: Login Succesful!
[17:23:19] [main/INFO] [GradleStart]: Running with arguments: [--userProperties, {}, --username, Harry9137, --tweakClass, cpw.mods.fml.common.launcher.FMLTweaker, --accessToken, {REDACTED}, --assetIndex, 1.7.10, --uuid, 6b3f7e103eae47849a5ae4c353ad1f80, --assetsDir, C:/Users/A Username/.gradle/caches/minecraft/assets, --version, 1.7.10]
[17:23:19] [main/INFO] [LaunchWrapper]: Loading tweak class name cpw.mods.fml.common.launcher.FMLTweaker
[17:23:19] [main/INFO] [LaunchWrapper]: Using primary tweak class name cpw.mods.fml.common.launcher.FMLTweaker
[17:23:19] [main/INFO] [LaunchWrapper]: Calling tweak class cpw.mods.fml.common.launcher.FMLTweaker
[07:48:58] [main/INFO] [GradleStart]: username: knapper8@aol.com
[07:48:58] [main/INFO] [GradleStart]: Extra: []
[07:48:58] [main/INFO] [GradleStart]: Password found, attempting login
[07:49:00] [main/INFO] [GradleStart]: Login Succesful!
[07:49:01] [main/INFO] [GradleStart]: Running with arguments: [--userProperties, {}, --username, Harry9137, --tweakClass, cpw.mods.fml.common.launcher.FMLTweaker, --accessToken, {REDACTED}, --assetIndex, 1.7.10, --uuid, 6b3f7e103eae47849a5ae4c353ad1f80, --assetsDir, C:/Users/A Username/.gradle/caches/minecraft/assets, --version, 1.7.10]
[07:49:01] [main/INFO] [LaunchWrapper]: Loading tweak class name cpw.mods.fml.common.launcher.FMLTweaker
[07:49:01] [main/INFO] [LaunchWrapper]: Using primary tweak class name cpw.mods.fml.common.launcher.FMLTweaker
[07:49:01] [main/INFO] [LaunchWrapper]: Calling tweak class cpw.mods.fml.common.launcher.FMLTweaker
[08:05:25] [main/INFO] [GradleStart]: username: knapper8@aol.com
[08:05:26] [main/INFO] [GradleStart]: Extra: []
[08:05:26] [main/INFO] [GradleStart]: Password found, attempting login
[08:05:27] [main/INFO] [GradleStart]: Login Succesful!
[08:05:27] [main/INFO] [GradleStart]: Running with arguments: [--userProperties, {}, --username, Harry9137, --tweakClass, cpw.mods.fml.common.launcher.FMLTweaker, --accessToken, {REDACTED}, --assetIndex, 1.7.10, --uuid, 6b3f7e103eae47849a5ae4c353ad1f80, --assetsDir, C:/Users/A Username/.gradle/caches/minecraft/assets, --version, 1.7.10]
[08:05:27] [main/INFO] [LaunchWrapper]: Loading tweak class name cpw.mods.fml.common.launcher.FMLTweaker
[08:05:27] [main/INFO] [LaunchWrapper]: Using primary tweak class name cpw.mods.fml.common.launcher.FMLTweaker
[08:05:27] [main/INFO] [LaunchWrapper]: Calling tweak class cpw.mods.fml.common.launcher.FMLTweaker
[08:16:44] [main/INFO] [GradleStart]: username: knapper8@aol.com
[08:16:44] [main/INFO] [GradleStart]: Extra: []
[08:16:44] [main/INFO] [GradleStart]: Password found, attempting login
[08:16:45] [main/INFO] [GradleStart]: Login Succesful!
[08:16:46] [main/INFO] [GradleStart]: Running with arguments: [--userProperties, {}, --username, Harry9137, --tweakClass, cpw.mods.fml.common.launcher.FMLTweaker, --accessToken, {REDACTED}, --assetIndex, 1.7.10, --uuid, 6b3f7e103eae47849a5ae4c353ad1f80, --assetsDir, C:/Users/A Username/.gradle/caches/minecraft/assets, --version, 1.7.10]
[08:16:46] [main/INFO] [LaunchWrapper]: Loading tweak class name cpw.mods.fml.common.launcher.FMLTweaker
[08:16:46] [main/INFO] [LaunchWrapper]: Using primary tweak class name cpw.mods.fml.common.launcher.FMLTweaker
[08:16:46] [main/INFO] [LaunchWrapper]: Calling tweak class cpw.mods.fml.common.launcher.FMLTweaker
[08:18:14] [main/INFO] [GradleStart]: username: knapper8@aol.com
[08:18:14] [main/INFO] [GradleStart]: Extra: []
[08:18:14] [main/INFO] [GradleStart]: Password found, attempting login
[08:18:15] [main/INFO] [GradleStart]: Login Succesful!
[08:18:16] [main/INFO] [GradleStart]: Running with arguments: [--userProperties, {}, --username, Harry9137, --tweakClass, cpw.mods.fml.common.launcher.FMLTweaker, --accessToken, {REDACTED}, --assetIndex, 1.7.10, --uuid, 6b3f7e103eae47849a5ae4c353ad1f80, --assetsDir, C:/Users/A Username/.gradle/caches/minecraft/assets, --version, 1.7.10]
[08:18:16] [main/INFO] [LaunchWrapper]: Loading tweak class name cpw.mods.fml.common.launcher.FMLTweaker
[08:18:16] [main/INFO] [LaunchWrapper]: Using primary tweak class name cpw.mods.fml.common.launcher.FMLTweaker
[08:18:16] [main/INFO] [LaunchWrapper]: Calling tweak class cpw.mods.fml.common.launcher.FMLTweaker
[20:32:55] [main/INFO] [GradleStart]: username: knapper8@aol.com
[20:32:55] [main/INFO] [GradleStart]: Extra: []
[20:32:55] [main/INFO] [GradleStart]: Password found, attempting login
[20:32:56] [main/INFO] [GradleStart]: Login Succesful!
[20:32:56] [main/INFO] [GradleStart]: Running with arguments: [--userProperties, {}, --username, Harry9137, --tweakClass, cpw.mods.fml.common.launcher.FMLTweaker, --accessToken, {REDACTED}, --assetIndex, 1.7.10, --uuid, 6b3f7e103eae47849a5ae4c353ad1f80, --assetsDir, C:/Users/A Username/.gradle/caches/minecraft/assets, --version, 1.7.10]
[20:32:57] [main/INFO] [LaunchWrapper]: Loading tweak class name cpw.mods.fml.common.launcher.FMLTweaker
[20:32:57] [main/INFO] [LaunchWrapper]: Using primary tweak class name cpw.mods.fml.common.launcher.FMLTweaker
[20:32:57] [main/INFO] [LaunchWrapper]: Calling tweak class cpw.mods.fml.common.launcher.FMLTweaker
[20:34:04] [main/INFO] [GradleStart]: username: knapper8@aol.com
[20:34:04] [main/INFO] [GradleStart]: Extra: []
[20:34:04] [main/INFO] [GradleStart]: Password found, attempting login
[20:34:05] [main/INFO] [GradleStart]: Login Succesful!
[20:34:05] [main/INFO] [GradleStart]: Running with arguments: [--userProperties, {}, --username, Harry9137, --tweakClass, cpw.mods.fml.common.launcher.FMLTweaker, --accessToken, {REDACTED}, --assetIndex, 1.7.10, --uuid, 6b3f7e103eae47849a5ae4c353ad1f80, --assetsDir, C:/Users/A Username/.gradle/caches/minecraft/assets, --version, 1.7.10]
[20:34:05] [main/INFO] [LaunchWrapper]: Loading tweak class name cpw.mods.fml.common.launcher.FMLTweaker
[20:34:05] [main/INFO] [LaunchWrapper]: Using primary tweak class name cpw.mods.fml.common.launcher.FMLTweaker
[20:34:05] [main/INFO] [LaunchWrapper]: Calling tweak class cpw.mods.fml.common.launcher.FMLTweaker
[17:38:44] [main/INFO] [GradleStart]: username: knapper8@aol.com
[17:38:44] [main/INFO] [GradleStart]: Extra: []
[17:38:44] [main/INFO] [GradleStart]: Password found, attempting login
[17:38:45] [main/INFO] [GradleStart]: Login Succesful!
[17:38:45] [main/INFO] [GradleStart]: Running with arguments: [--userProperties, {}, --username, Harry9137, --tweakClass, cpw.mods.fml.common.launcher.FMLTweaker, --accessToken, {REDACTED}, --assetIndex, 1.7.10, --uuid, 6b3f7e103eae47849a5ae4c353ad1f80, --assetsDir, C:/Users/A Username/.gradle/caches/minecraft/assets, --version, 1.7.10]
[17:38:46] [main/INFO] [LaunchWrapper]: Loading tweak class name cpw.mods.fml.common.launcher.FMLTweaker
[17:38:46] [main/INFO] [LaunchWrapper]: Using primary tweak class name cpw.mods.fml.common.launcher.FMLTweaker
[17:38:46] [main/INFO] [LaunchWrapper]: Calling tweak class cpw.mods.fml.common.launcher.FMLTweaker
[19:22:30] [main/INFO] [GradleStart]: username: knapper8@aol.com
[19:22:30] [main/INFO] [GradleStart]: Extra: []
[19:22:30] [main/INFO] [GradleStart]: Password found, attempting login
[19:22:31] [main/INFO] [GradleStart]: Login Succesful!
[19:22:31] [main/INFO] [GradleStart]: Running with arguments: [--userProperties, {}, --username, Harry9137, --tweakClass, cpw.mods.fml.common.launcher.FMLTweaker, --accessToken, {REDACTED}, --assetIndex, 1.7.10, --uuid, 6b3f7e103eae47849a5ae4c353ad1f80, --assetsDir, C:/Users/A Username/.gradle/caches/minecraft/assets, --version, 1.7.10]
[19:22:31] [main/INFO] [LaunchWrapper]: Loading tweak class name cpw.mods.fml.common.launcher.FMLTweaker
[19:22:31] [main/INFO] [LaunchWrapper]: Using primary tweak class name cpw.mods.fml.common.launcher.FMLTweaker
[19:22:31] [main/INFO] [LaunchWrapper]: Calling tweak class cpw.mods.fml.common.launcher.FMLTweaker
[19:22:49] [main/INFO] [GradleStart]: username: knapper8@aol.com
[19:22:49] [main/INFO] [GradleStart]: Extra: []
[19:22:49] [main/INFO] [GradleStart]: Password found, attempting login
[19:22:50] [main/INFO] [GradleStart]: Login Succesful!
[19:22:50] [main/INFO] [GradleStart]: Running with arguments: [--userProperties, {}, --username, Harry9137, --tweakClass, cpw.mods.fml.common.launcher.FMLTweaker, --accessToken, {REDACTED}, --assetIndex, 1.7.10, --uuid, 6b3f7e103eae47849a5ae4c353ad1f80, --assetsDir, C:/Users/A Username/.gradle/caches/minecraft/assets, --version, 1.7.10]
[19:22:50] [main/INFO] [LaunchWrapper]: Loading tweak class name cpw.mods.fml.common.launcher.FMLTweaker
[19:22:50] [main/INFO] [LaunchWrapper]: Using primary tweak class name cpw.mods.fml.common.launcher.FMLTweaker
[19:22:50] [main/INFO] [LaunchWrapper]: Calling tweak class cpw.mods.fml.common.launcher.FMLTweaker
[09:18:55] [main/INFO] [GradleStart]: username: knapper8@aol.com
[09:18:55] [main/INFO] [GradleStart]: Extra: []
[09:18:55] [main/INFO] [GradleStart]: Password found, attempting login
[09:18:57] [main/INFO] [GradleStart]: Login Succesful!
[09:18:57] [main/INFO] [GradleStart]: Running with arguments: [--userProperties, {}, --username, Harry9137, --tweakClass, cpw.mods.fml.common.launcher.FMLTweaker, --accessToken, {REDACTED}, --assetIndex, 1.7.10, --uuid, 6b3f7e103eae47849a5ae4c353ad1f80, --assetsDir, C:/Users/A Username/.gradle/caches/minecraft/assets, --version, 1.7.10]
[09:18:57] [main/INFO] [LaunchWrapper]: Loading tweak class name cpw.mods.fml.common.launcher.FMLTweaker
[09:18:57] [main/INFO] [LaunchWrapper]: Using primary tweak class name cpw.mods.fml.common.launcher.FMLTweaker
[09:18:57] [main/INFO] [LaunchWrapper]: Calling tweak class cpw.mods.fml.common.launcher.FMLTweaker
[15:11:32] [main/INFO] [GradleStart]: username: knapper8@aol.com
[15:11:32] [main/INFO] [GradleStart]: Extra: []
[15:11:32] [main/INFO] [GradleStart]: Password found, attempting login
[15:11:33] [main/INFO] [GradleStart]: Login Succesful!
[15:11:33] [main/INFO] [GradleStart]: Running with arguments: [--userProperties, {}, --username, Harry9137, --tweakClass, cpw.mods.fml.common.launcher.FMLTweaker, --accessToken, {REDACTED}, --assetIndex, 1.7.10, --uuid, 6b3f7e103eae47849a5ae4c353ad1f80, --assetsDir, C:/Users/A Username/.gradle/caches/minecraft/assets, --version, 1.7.10]
[15:11:33] [main/INFO] [LaunchWrapper]: Loading tweak class name cpw.mods.fml.common.launcher.FMLTweaker
[15:11:33] [main/INFO] [LaunchWrapper]: Using primary tweak class name cpw.mods.fml.common.launcher.FMLTweaker
[15:11:33] [main/INFO] [LaunchWrapper]: Calling tweak class cpw.mods.fml.common.launcher.FMLTweaker
[15:16:25] [main/INFO] [GradleStart]: username: knapper8@aol.com
[15:16:25] [main/INFO] [GradleStart]: Extra: []
[15:16:25] [main/INFO] [GradleStart]: Password found, attempting login
[15:16:27] [main/INFO] [GradleStart]: Login Succesful!
[15:16:27] [main/INFO] [GradleStart]: Running with arguments: [--userProperties, {}, --username, Harry9137, --tweakClass, cpw.mods.fml.common.launcher.FMLTweaker, --accessToken, {REDACTED}, --assetIndex, 1.7.10, --uuid, 6b3f7e103eae47849a5ae4c353ad1f80, --assetsDir, C:/Users/A Username/.gradle/caches/minecraft/assets, --version, 1.7.10]
[15:16:27] [main/INFO] [LaunchWrapper]: Loading tweak class name cpw.mods.fml.common.launcher.FMLTweaker
[15:16:27] [main/INFO] [LaunchWrapper]: Using primary tweak class name cpw.mods.fml.common.launcher.FMLTweaker
[15:16:27] [main/INFO] [LaunchWrapper]: Calling tweak class cpw.mods.fml.common.launcher.FMLTweaker
[08:32:19] [main/INFO] [GradleStart]: username: knapper8@aol.com
[08:32:19] [main/INFO] [GradleStart]: Extra: []
[08:32:19] [main/INFO] [GradleStart]: Password found, attempting login
[08:32:20] [main/INFO] [GradleStart]: Login Succesful!
[08:32:21] [main/INFO] [GradleStart]: Running with arguments: [--userProperties, {}, --username, Harry9137, --tweakClass, cpw.mods.fml.common.launcher.FMLTweaker, --accessToken, {REDACTED}, --assetIndex, 1.7.10, --uuid, 6b3f7e103eae47849a5ae4c353ad1f80, --assetsDir, C:/Users/A Username/.gradle/caches/minecraft/assets, --version, 1.7.10]
[08:32:21] [main/INFO] [LaunchWrapper]: Loading tweak class name cpw.mods.fml.common.launcher.FMLTweaker
[08:32:21] [main/INFO] [LaunchWrapper]: Using primary tweak class name cpw.mods.fml.common.launcher.FMLTweaker
[08:32:21] [main/INFO] [LaunchWrapper]: Calling tweak class cpw.mods.fml.common.launcher.FMLTweaker
[08:37:12] [main/INFO] [GradleStart]: username: knapper8@aol.com
[08:37:12] [main/INFO] [GradleStart]: Extra: []
[08:37:12] [main/INFO] [GradleStart]: Password found, attempting login
[08:37:14] [main/INFO] [GradleStart]: Login Succesful!
[08:37:14] [main/INFO] [GradleStart]: Running with arguments: [--userProperties, {}, --username, Harry9137, --tweakClass, cpw.mods.fml.common.launcher.FMLTweaker, --accessToken, {REDACTED}, --assetIndex, 1.7.10, --uuid, 6b3f7e103eae47849a5ae4c353ad1f80, --assetsDir, C:/Users/A Username/.gradle/caches/minecraft/assets, --version, 1.7.10]
[08:37:14] [main/INFO] [LaunchWrapper]: Loading tweak class name cpw.mods.fml.common.launcher.FMLTweaker
[08:37:14] [main/INFO] [LaunchWrapper]: Using primary tweak class name cpw.mods.fml.common.launcher.FMLTweaker
[08:37:14] [main/INFO] [LaunchWrapper]: Calling tweak class cpw.mods.fml.common.launcher.FMLTweaker
[08:41:04] [main/INFO] [GradleStart]: username: knapper8@aol.com
[08:41:04] [main/INFO] [GradleStart]: Extra: []
[08:41:04] [main/INFO] [GradleStart]: Password found, attempting login
[08:41:05] [main/INFO] [GradleStart]: Login Succesful!
[08:41:05] [main/INFO] [GradleStart]: Running with arguments: [--userProperties, {}, --username, Harry9137, --tweakClass, cpw.mods.fml.common.launcher.FMLTweaker, --accessToken, {REDACTED}, --assetIndex, 1.7.10, --uuid, 6b3f7e103eae47849a5ae4c353ad1f80, --assetsDir, C:/Users/A Username/.gradle/caches/minecraft/assets, --version, 1.7.10]
[08:41:06] [main/INFO] [LaunchWrapper]: Loading tweak class name cpw.mods.fml.common.launcher.FMLTweaker
[08:41:06] [main/INFO] [LaunchWrapper]: Using primary tweak class name cpw.mods.fml.common.launcher.FMLTweaker
[08:41:06] [main/INFO] [LaunchWrapper]: Calling tweak class cpw.mods.fml.common.launcher.FMLTweaker
[08:51:55] [main/INFO] [GradleStart]: username: knapper8@aol.com
[08:51:55] [main/INFO] [GradleStart]: Extra: []
[08:51:55] [main/INFO] [GradleStart]: Password found, attempting login
[08:51:57] [main/INFO] [GradleStart]: Login Succesful!
[08:51:57] [main/INFO] [GradleStart]: Running with arguments: [--userProperties, {}, --username, Harry9137, --tweakClass, cpw.mods.fml.common.launcher.FMLTweaker, --accessToken, {REDACTED}, --assetIndex, 1.7.10, --uuid, 6b3f7e103eae47849a5ae4c353ad1f80, --assetsDir, C:/Users/A Username/.gradle/caches/minecraft/assets, --version, 1.7.10]
[08:51:57] [main/INFO] [LaunchWrapper]: Loading tweak class name cpw.mods.fml.common.launcher.FMLTweaker
[08:51:57] [main/INFO] [LaunchWrapper]: Using primary tweak class name cpw.mods.fml.common.launcher.FMLTweaker
[08:51:57] [main/INFO] [LaunchWrapper]: Calling tweak class cpw.mods.fml.common.launcher.FMLTweaker
[15:50:59] [main/INFO] [GradleStart]: username: knapper8@aol.com
[15:50:59] [main/INFO] [GradleStart]: Extra: []
[15:50:59] [main/INFO] [GradleStart]: Password found, attempting login
[15:51:01] [main/INFO] [GradleStart]: Login Succesful!
[15:51:01] [main/INFO] [GradleStart]: Running with arguments: [--userProperties, {}, --username, Harry9137, --tweakClass, cpw.mods.fml.common.launcher.FMLTweaker, --accessToken, {REDACTED}, --assetIndex, 1.7.10, --uuid, 6b3f7e103eae47849a5ae4c353ad1f80, --assetsDir, C:/Users/A Username/.gradle/caches/minecraft/assets, --version, 1.7.10]
[15:51:01] [main/INFO] [LaunchWrapper]: Loading tweak class name cpw.mods.fml.common.launcher.FMLTweaker
[15:51:01] [main/INFO] [LaunchWrapper]: Using primary tweak class name cpw.mods.fml.common.launcher.FMLTweaker
[15:51:01] [main/INFO] [LaunchWrapper]: Calling tweak class cpw.mods.fml.common.launcher.FMLTweaker
[14:40:41] [main/INFO] [GradleStart]: username: knapper8@aol.com
[14:40:41] [main/INFO] [GradleStart]: Extra: []
[14:40:41] [main/INFO] [GradleStart]: Password found, attempting login
[14:40:41] [main/ERROR] [GradleStart]: -- Login failed!  Cannot contact authentication server
[14:46:04] [main/INFO] [GradleStart]: username: knapper8@aol.com
[14:46:04] [main/INFO] [GradleStart]: Extra: []
[14:46:04] [main/INFO] [GradleStart]: Password found, attempting login
[14:46:05] [main/INFO] [GradleStart]: Login Succesful!
[14:46:05] [main/INFO] [GradleStart]: Running with arguments: [--userProperties, {}, --username, Harry9137, --tweakClass, cpw.mods.fml.common.launcher.FMLTweaker, --accessToken, {REDACTED}, --assetIndex, 1.7.10, --uuid, 6b3f7e103eae47849a5ae4c353ad1f80, --assetsDir, C:/Users/A Username/.gradle/caches/minecraft/assets, --version, 1.7.10]
[14:46:06] [main/INFO] [LaunchWrapper]: Loading tweak class name cpw.mods.fml.common.launcher.FMLTweaker
[14:46:06] [main/INFO] [LaunchWrapper]: Using primary tweak class name cpw.mods.fml.common.launcher.FMLTweaker
[14:46:06] [main/INFO] [LaunchWrapper]: Calling tweak class cpw.mods.fml.common.launcher.FMLTweaker
[10:35:26] [main/INFO] [GradleStart]: username: knapper8@aol.com
[10:35:26] [main/INFO] [GradleStart]: Extra: []
[10:35:26] [main/INFO] [GradleStart]: Password found, attempting login
[10:35:27] [main/INFO] [GradleStart]: Login Succesful!
[10:35:27] [main/INFO] [GradleStart]: Running with arguments: [--userProperties, {}, --username, Harry9137, --tweakClass, cpw.mods.fml.common.launcher.FMLTweaker, --accessToken, {REDACTED}, --assetIndex, 1.7.10, --uuid, 6b3f7e103eae47849a5ae4c353ad1f80, --assetsDir, C:/Users/A Username/.gradle/caches/minecraft/assets, --version, 1.7.10]
[10:35:28] [main/INFO] [LaunchWrapper]: Loading tweak class name cpw.mods.fml.common.launcher.FMLTweaker
[10:35:28] [main/INFO] [LaunchWrapper]: Using primary tweak class name cpw.mods.fml.common.launcher.FMLTweaker
[10:35:28] [main/INFO] [LaunchWrapper]: Calling tweak class cpw.mods.fml.common.launcher.FMLTweaker
[12:08:51] [main/INFO] [GradleStart]: username: knapper8@aol.com
[12:08:51] [main/INFO] [GradleStart]: Extra: []
[12:08:51] [main/INFO] [GradleStart]: Password found, attempting login
[12:08:53] [main/INFO] [GradleStart]: Login Succesful!
[12:08:53] [main/INFO] [GradleStart]: Running with arguments: [--userProperties, {}, --username, Harry9137, --tweakClass, cpw.mods.fml.common.launcher.FMLTweaker, --accessToken, {REDACTED}, --assetIndex, 1.7.10, --uuid, 6b3f7e103eae47849a5ae4c353ad1f80, --assetsDir, C:/Users/A Username/.gradle/caches/minecraft/assets, --version, 1.7.10]
[12:08:53] [main/INFO] [LaunchWrapper]: Loading tweak class name cpw.mods.fml.common.launcher.FMLTweaker
[12:08:53] [main/INFO] [LaunchWrapper]: Using primary tweak class name cpw.mods.fml.common.launcher.FMLTweaker
[12:08:53] [main/INFO] [LaunchWrapper]: Calling tweak class cpw.mods.fml.common.launcher.FMLTweaker
[12:22:35] [main/INFO] [GradleStart]: username: knapper8@aol.com
[12:22:35] [main/INFO] [GradleStart]: Extra: []
[12:22:35] [main/INFO] [GradleStart]: Password found, attempting login
[12:22:36] [main/INFO] [GradleStart]: Login Succesful!
[12:22:36] [main/INFO] [GradleStart]: Running with arguments: [--userProperties, {}, --username, Harry9137, --tweakClass, cpw.mods.fml.common.launcher.FMLTweaker, --accessToken, {REDACTED}, --assetIndex, 1.7.10, --uuid, 6b3f7e103eae47849a5ae4c353ad1f80, --assetsDir, C:/Users/A Username/.gradle/caches/minecraft/assets, --version, 1.7.10]
[12:22:36] [main/INFO] [LaunchWrapper]: Loading tweak class name cpw.mods.fml.common.launcher.FMLTweaker
[12:22:36] [main/INFO] [LaunchWrapper]: Using primary tweak class name cpw.mods.fml.common.launcher.FMLTweaker
[12:22:36] [main/INFO] [LaunchWrapper]: Calling tweak class cpw.mods.fml.common.launcher.FMLTweaker
[12:36:42] [main/INFO] [GradleStart]: username: knapper8@aol.com
[12:36:42] [main/INFO] [GradleStart]: Extra: []
[12:36:42] [main/INFO] [GradleStart]: Password found, attempting login
[12:36:43] [main/INFO] [GradleStart]: Login Succesful!
[12:36:43] [main/INFO] [GradleStart]: Running with arguments: [--userProperties, {}, --username, Harry9137, --tweakClass, cpw.mods.fml.common.launcher.FMLTweaker, --accessToken, {REDACTED}, --assetIndex, 1.7.10, --uuid, 6b3f7e103eae47849a5ae4c353ad1f80, --assetsDir, C:/Users/A Username/.gradle/caches/minecraft/assets, --version, 1.7.10]
[12:36:43] [main/INFO] [LaunchWrapper]: Loading tweak class name cpw.mods.fml.common.launcher.FMLTweaker
[12:36:43] [main/INFO] [LaunchWrapper]: Using primary tweak class name cpw.mods.fml.common.launcher.FMLTweaker
[12:36:43] [main/INFO] [LaunchWrapper]: Calling tweak class cpw.mods.fml.common.launcher.FMLTweaker
